<?xml version="1.0" encoding="utf-8"?><testsuites name="pytest tests"><testsuite name="pytest" errors="0" failures="0" skipped="0" tests="14" time="5.657" timestamp="2026-02-08T15:40:36.862401+00:00" hostname="agent-env-ebfabdd0-0dca-43af-b051-ca3d3633de18"><testcase classname="backend.tests.test_attendance_bulk.TestAttendanceAPIs" name="test_single_attendance_present" time="0.523" /><testcase classname="backend.tests.test_attendance_bulk.TestAttendanceAPIs" name="test_single_attendance_absent" time="0.383" /><testcase classname="backend.tests.test_attendance_bulk.TestAttendanceAPIs" name="test_single_attendance_late" time="0.408" /><testcase classname="backend.tests.test_attendance_bulk.TestAttendanceAPIs" name="test_single_attendance_present_no_charge_trial" time="0.372" /><testcase classname="backend.tests.test_attendance_bulk.TestAttendanceAPIs" name="test_single_attendance_present_no_charge_makeup" time="0.386" /><testcase classname="backend.tests.test_attendance_bulk.TestAttendanceAPIs" name="test_single_attendance_present_no_charge_scholarship" time="0.414" /><testcase classname="backend.tests.test_attendance_bulk.TestAttendanceAPIs" name="test_single_attendance_present_no_charge_free_session" time="0.359" /><testcase classname="backend.tests.test_attendance_bulk.TestAttendanceAPIs" name="test_bulk_attendance_present" time="0.375" /><testcase classname="backend.tests.test_attendance_bulk.TestAttendanceAPIs" name="test_bulk_attendance_mixed_status" time="0.369" /><testcase classname="backend.tests.test_attendance_bulk.TestAttendanceAPIs" name="test_bulk_attendance_present_no_charge" time="0.417" /><testcase classname="backend.tests.test_attendance_bulk.TestAttendanceAPIs" name="test_mark_all_present" time="0.414" /><testcase classname="backend.tests.test_attendance_bulk.TestAttendanceAPIs" name="test_mark_all_absent" time="0.374" /><testcase classname="backend.tests.test_attendance_bulk.TestAttendanceAPIs" name="test_get_attendance_by_class_and_date" time="0.430" /><testcase classname="backend.tests.test_attendance_bulk.TestAttendanceAPIs" name="test_bulk_attendance_empty_records" time="0.368" /></testsuite></testsuites>