<?xml version="1.0" encoding="utf-8"?><testsuites name="pytest tests"><testsuite name="pytest" errors="0" failures="0" skipped="0" tests="7" time="2.308" timestamp="2026-02-22T13:41:47.211217+00:00" hostname="agent-env-c28eb3e4-51e2-43b8-8bac-facbd8b1f650"><testcase classname="tests.test_calendar_events.TestCalendarEvents" name="test_get_events" time="0.269" /><testcase classname="tests.test_calendar_events.TestCalendarEvents" name="test_create_event_basic" time="0.239" /><testcase classname="tests.test_calendar_events.TestCalendarEvents" name="test_create_event_with_class_id" time="0.523" /><testcase classname="tests.test_calendar_events.TestCalendarEvents" name="test_update_event" time="0.479" /><testcase classname="tests.test_calendar_events.TestCalendarEvents" name="test_delete_event" time="0.319" /><testcase classname="tests.test_calendar_events.TestCalendarEvents" name="test_get_single_event" time="0.322" /><testcase classname="tests.test_calendar_events.TestCalendarGetClasses" name="test_get_classes_for_prefill" time="0.100" /></testsuite></testsuites>