<?xml version="1.0" encoding="utf-8"?><testsuites name="pytest tests"><testsuite name="pytest" errors="0" failures="0" skipped="0" tests="9" time="2.825" timestamp="2026-02-12T01:07:03.418291+00:00" hostname="agent-env-ed585b8d-8b1a-465c-8247-52bc5137498f"><testcase classname="backend.tests.test_class_schedule.TestClassScheduleFeatures" name="test_api_health_check" time="0.304" /><testcase classname="backend.tests.test_class_schedule.TestClassScheduleFeatures" name="test_create_class_with_schedule_details" time="0.291" /><testcase classname="backend.tests.test_class_schedule.TestClassScheduleFeatures" name="test_auto_generate_calendar_events" time="0.348" /><testcase classname="backend.tests.test_class_schedule.TestClassScheduleFeatures" name="test_update_class_schedule_regenerates_events" time="0.400" /><testcase classname="backend.tests.test_class_schedule.TestClassScheduleFeatures" name="test_delete_class_deletes_events" time="0.325" /><testcase classname="backend.tests.test_class_schedule.TestClassScheduleFeatures" name="test_get_class_with_schedule_details" time="0.437" /><testcase classname="backend.tests.test_class_schedule.TestClassScheduleFeatures" name="test_list_classes_includes_schedule_details" time="0.270" /><testcase classname="backend.tests.test_class_schedule.TestClassScheduleFeatures" name="test_regenerate_events_endpoint" time="0.334" /><testcase classname="backend.tests.test_class_schedule.TestClassScheduleValidation" name="test_class_without_schedule_details" time="0.053" /></testsuite></testsuites>