<?xml version="1.0" encoding="utf-8"?><testsuites name="pytest tests"><testsuite name="pytest" errors="0" failures="0" skipped="0" tests="14" time="7.349" timestamp="2026-02-23T20:54:12.819733+00:00" hostname="agent-env-c28eb3e4-51e2-43b8-8bac-facbd8b1f650"><testcase classname="tests.test_invoicing.TestInvoiceGeneration" name="test_get_students_for_invoice" time="0.401" /><testcase classname="tests.test_invoicing.TestInvoiceGeneration" name="test_get_parents_for_family_invoice" time="0.457" /><testcase classname="tests.test_invoicing.TestInvoiceGeneration" name="test_generate_student_invoice_preview" time="0.374" /><testcase classname="tests.test_invoicing.TestInvoiceGeneration" name="test_generate_student_invoice_with_upcoming" time="0.614" /><testcase classname="tests.test_invoicing.TestInvoiceGeneration" name="test_generate_student_invoice_without_credits" time="0.501" /><testcase classname="tests.test_invoicing.TestInvoiceGeneration" name="test_generate_student_invoice_invalid_student" time="0.500" /><testcase classname="tests.test_invoicing.TestFamilyInvoicing" name="test_generate_family_invoice_preview" time="0.449" /><testcase classname="tests.test_invoicing.TestFamilyInvoicing" name="test_generate_family_invoice_requires_family_id" time="0.470" /><testcase classname="tests.test_invoicing.TestFamilyInvoicing" name="test_generate_family_invoice_invalid_family" time="0.424" /><testcase classname="tests.test_invoicing.TestInvoiceCreation" name="test_create_invoice_from_preview" time="0.385" /><testcase classname="tests.test_invoicing.TestInvoiceCreation" name="test_create_family_invoice" time="0.403" /><testcase classname="tests.test_invoicing.TestInvoiceList" name="test_get_invoices_list" time="0.136" /><testcase classname="tests.test_invoicing.TestInvoiceList" name="test_update_invoice_status" time="0.276" /><testcase classname="tests.test_invoicing.TestCleanup" name="test_cleanup_test_invoices" time="1.905" /></testsuite></testsuites>